[07-Dec-2011 15:31:51] PHP Fatal error:  Maximum execution time of 30 seconds exceeded in /var/www/synapse/synapseR/includes/database/query.inc on line 329
[28-Aug-2012 22:09:57] PHP Fatal error:  Unsupported operand types in /var/www/synapse/synapseR/sites/all/modules/views/includes/handlers.inc on line 1032
[28-Aug-2012 22:17:45] PHP Fatal error:  Unsupported operand types in /var/www/synapse/synapseR/sites/all/modules/views/includes/handlers.inc on line 1032
[28-Aug-2012 23:08:56] PHP Fatal error:  Unsupported operand types in /var/www/synapse/synapseR/sites/all/modules/views/includes/handlers.inc on line 1032
[29-Aug-2012 06:35:20] PHP Fatal error:  Unsupported operand types in /var/www/synapse/synapseR/sites/all/modules/views/includes/handlers.inc on line 1032
[29-Aug-2012 06:53:14] PHP Fatal error:  Unsupported operand types in /var/www/synapse/synapseR/sites/all/modules/views/includes/handlers.inc on line 1032
[29-Aug-2012 06:58:36] PHP Fatal error:  Unsupported operand types in /var/www/synapse/synapseR/sites/all/modules/views/includes/handlers.inc on line 1032
[29-Aug-2012 11:12:07] PHP Fatal error:  Unsupported operand types in /var/www/synapse/synapseR/sites/all/modules/views/includes/handlers.inc on line 1032
[29-Aug-2012 11:21:30] PHP Fatal error:  Unsupported operand types in /var/www/synapse/synapseR/sites/all/modules/views/includes/handlers.inc on line 1032
[29-Aug-2012 18:15:51] PHP Fatal error:  Unsupported operand types in /var/www/synapse/synapseR/sites/all/modules/views/includes/handlers.inc on line 1032
[29-Aug-2012 18:23:28] PHP Fatal error:  Unsupported operand types in /var/www/synapse/synapseR/sites/all/modules/views/includes/handlers.inc on line 1032
[30-Aug-2012 10:30:48] PHP Fatal error:  Unsupported operand types in /var/www/synapse/synapseR/sites/all/modules/views/includes/handlers.inc on line 1032
[30-Aug-2012 10:49:35] PHP Fatal error:  Unsupported operand types in /var/www/synapse/synapseR/sites/all/modules/views/includes/handlers.inc on line 1032
[30-Aug-2012 10:59:00] PHP Fatal error:  Unsupported operand types in /var/www/synapse/synapseR/sites/all/modules/views/includes/handlers.inc on line 1032
[03-Sep-2012 14:52:24] PHP Fatal error:  Unsupported operand types in /var/www/synapse/synapseR/sites/all/modules/views/includes/handlers.inc on line 1032
[03-Sep-2012 14:52:34] PHP Fatal error:  Unsupported operand types in /var/www/synapse/synapseR/sites/all/modules/views/includes/handlers.inc on line 1032
[03-Sep-2012 14:59:50] PHP Fatal error:  Unsupported operand types in /var/www/synapse/synapseR/sites/all/modules/views/includes/handlers.inc on line 1032
[03-Sep-2012 14:59:53] PHP Fatal error:  Unsupported operand types in /var/www/synapse/synapseR/sites/all/modules/views/includes/handlers.inc on line 1032
[03-Sep-2012 15:01:20] PHP Fatal error:  Unsupported operand types in /var/www/synapse/synapseR/sites/all/modules/views/includes/handlers.inc on line 1032
[03-Sep-2012 15:03:03] PHP Fatal error:  Unsupported operand types in /var/www/synapse/synapseR/sites/all/modules/views/includes/handlers.inc on line 1032
[03-Sep-2012 15:11:01] PHP Fatal error:  Unsupported operand types in /var/www/synapse/synapseR/sites/all/modules/views/includes/handlers.inc on line 1032
[03-Sep-2012 15:13:31] PHP Fatal error:  Unsupported operand types in /var/www/synapse/synapseR/sites/all/modules/views/includes/handlers.inc on line 1032
[03-Sep-2012 15:17:28] PHP Fatal error:  Cannot redeclare drupal_build_form() (previously declared in /var/www/synapse/synapseR/includes/form.inc:304) in /var/www/synapse/synapseR/sites/all/modules/views/views.module on line 1145
[03-Sep-2012 15:17:29] PHP Fatal error:  Cannot redeclare drupal_build_form() (previously declared in /var/www/synapse/synapseR/includes/form.inc:304) in /var/www/synapse/synapseR/sites/all/modules/views/views.module on line 1145
[03-Sep-2012 15:17:32] PHP Fatal error:  Cannot redeclare drupal_build_form() (previously declared in /var/www/synapse/synapseR/includes/form.inc:304) in /var/www/synapse/synapseR/sites/all/modules/views/views.module on line 1145
[03-Sep-2012 15:17:32] PHP Fatal error:  Cannot redeclare drupal_build_form() (previously declared in /var/www/synapse/synapseR/includes/form.inc:304) in /var/www/synapse/synapseR/sites/all/modules/views/views.module on line 1145
[03-Sep-2012 15:17:35] PHP Fatal error:  Cannot redeclare drupal_build_form() (previously declared in /var/www/synapse/synapseR/includes/form.inc:304) in /var/www/synapse/synapseR/sites/all/modules/views/views.module on line 1145
[03-Sep-2012 15:17:36] PHP Fatal error:  Cannot redeclare drupal_build_form() (previously declared in /var/www/synapse/synapseR/includes/form.inc:304) in /var/www/synapse/synapseR/sites/all/modules/views/views.module on line 1145
[03-Sep-2012 15:17:36] PHP Fatal error:  Cannot redeclare drupal_build_form() (previously declared in /var/www/synapse/synapseR/includes/form.inc:304) in /var/www/synapse/synapseR/sites/all/modules/views/views.module on line 1145
[03-Sep-2012 15:17:37] PHP Fatal error:  Cannot redeclare drupal_build_form() (previously declared in /var/www/synapse/synapseR/includes/form.inc:304) in /var/www/synapse/synapseR/sites/all/modules/views/views.module on line 1145
[03-Sep-2012 15:18:03] PHP Fatal error:  Cannot redeclare drupal_build_form() (previously declared in /var/www/synapse/synapseR/includes/form.inc:304) in /var/www/synapse/synapseR/sites/all/modules/views/views.module on line 1145
[03-Sep-2012 15:18:04] PHP Fatal error:  Cannot redeclare drupal_build_form() (previously declared in /var/www/synapse/synapseR/includes/form.inc:304) in /var/www/synapse/synapseR/sites/all/modules/views/views.module on line 1145
[03-Sep-2012 15:18:04] PHP Fatal error:  Cannot redeclare drupal_build_form() (previously declared in /var/www/synapse/synapseR/includes/form.inc:304) in /var/www/synapse/synapseR/sites/all/modules/views/views.module on line 1145
[03-Sep-2012 15:18:05] PHP Fatal error:  Cannot redeclare drupal_build_form() (previously declared in /var/www/synapse/synapseR/includes/form.inc:304) in /var/www/synapse/synapseR/sites/all/modules/views/views.module on line 1145
[03-Sep-2012 15:18:05] PHP Fatal error:  Cannot redeclare drupal_build_form() (previously declared in /var/www/synapse/synapseR/includes/form.inc:304) in /var/www/synapse/synapseR/sites/all/modules/views/views.module on line 1145
[03-Sep-2012 15:18:06] PHP Fatal error:  Cannot redeclare drupal_build_form() (previously declared in /var/www/synapse/synapseR/includes/form.inc:304) in /var/www/synapse/synapseR/sites/all/modules/views/views.module on line 1145
[03-Sep-2012 15:23:49] PHP Fatal error:  Unsupported operand types in /var/www/synapse/synapseR/sites/all/modules/views/includes/handlers.inc on line 1032
[03-Sep-2012 15:24:55] PHP Fatal error:  Unsupported operand types in /var/www/synapse/synapseR/sites/all/modules/views/includes/handlers.inc on line 1032
[03-Sep-2012 15:24:58] PHP Fatal error:  Unsupported operand types in /var/www/synapse/synapseR/sites/all/modules/views/includes/handlers.inc on line 1032
[03-Sep-2012 15:26:36] PHP Fatal error:  Unsupported operand types in /var/www/synapse/synapseR/sites/all/modules/views/includes/handlers.inc on line 1032
[03-Sep-2012 20:09:21] PHP Fatal error:  Unsupported operand types in /var/www/synapse/synapseR/sites/all/modules/views/includes/handlers.inc on line 1032
[04-Sep-2012 10:07:18] PHP Fatal error:  Unsupported operand types in /var/www/synapse/synapseR/sites/all/modules/views/includes/handlers.inc on line 1032
[04-Sep-2012 10:13:37] PHP Fatal error:  Unsupported operand types in /var/www/synapse/synapseR/sites/all/modules/views/includes/handlers.inc on line 1032
[04-Sep-2012 10:14:07] PHP Fatal error:  Unsupported operand types in /var/www/synapse/synapseR/sites/all/modules/views/includes/handlers.inc on line 1032
[04-Sep-2012 10:16:15] PHP Fatal error:  Unsupported operand types in /var/www/synapse/synapseR/sites/all/modules/views/includes/handlers.inc on line 1032
[04-Sep-2012 10:20:04] PHP Fatal error:  Unsupported operand types in /var/www/synapse/synapseR/sites/all/modules/views/includes/handlers.inc on line 1032
[25-Oct-2012 14:20:45] PHP Fatal error:  Maximum execution time of 30 seconds exceeded in /var/www/synapse/synapseR/includes/module.inc on line 0
[25-Oct-2012 14:24:12] PHP Fatal error:  Maximum execution time of 30 seconds exceeded in /var/www/synapse/synapseR/includes/errors.inc on line 74
[25-Oct-2012 14:24:38] PHP Fatal error:  Maximum execution time of 30 seconds exceeded in /var/www/synapse/synapseR/modules/dblog/dblog.module on line 141
[25-Oct-2012 14:26:21] PHP Fatal error:  Maximum execution time of 30 seconds exceeded in /var/www/synapse/synapseR/includes/errors.inc on line 74
[25-Oct-2012 14:28:07] PHP Fatal error:  Maximum execution time of 30 seconds exceeded in /var/www/synapse/synapseR/includes/common.inc on line 1329
[04-Dec-2012 15:20:38] PHP Parse error:  syntax error, unexpected '[' in /var/www/synapse/synapseR/sites/all/modules/rssfeeds/rssfeeds.module on line 10
[04-Dec-2012 15:20:45] PHP Parse error:  syntax error, unexpected '[' in /var/www/synapse/synapseR/sites/all/modules/rssfeeds/rssfeeds.module on line 10
[04-Dec-2012 15:22:07] PHP Parse error:  syntax error, unexpected '[' in /var/www/synapse/synapseR/sites/all/modules/rssfeeds/rssfeeds.module on line 10
[04-Dec-2012 15:22:08] PHP Parse error:  syntax error, unexpected '[' in /var/www/synapse/synapseR/sites/all/modules/rssfeeds/rssfeeds.module on line 10
[04-Dec-2012 15:23:42] PHP Parse error:  syntax error, unexpected '[' in /var/www/synapse/synapseR/sites/all/modules/rssfeeds/rssfeeds.module on line 10
[04-Dec-2012 15:23:43] PHP Parse error:  syntax error, unexpected '[' in /var/www/synapse/synapseR/sites/all/modules/rssfeeds/rssfeeds.module on line 10
[04-Dec-2012 15:24:36] PHP Parse error:  syntax error, unexpected '*' in /var/www/synapse/synapseR/sites/all/modules/rssfeeds/rssfeeds.module on line 29
[04-Dec-2012 15:24:37] PHP Parse error:  syntax error, unexpected '*' in /var/www/synapse/synapseR/sites/all/modules/rssfeeds/rssfeeds.module on line 29
[04-Dec-2012 15:30:48] PHP Parse error:  syntax error, unexpected T_BREAK in /var/www/synapse/synapseR/sites/all/modules/rssfeeds/rssfeeds.module on line 27
[04-Dec-2012 15:30:49] PHP Parse error:  syntax error, unexpected T_BREAK in /var/www/synapse/synapseR/sites/all/modules/rssfeeds/rssfeeds.module on line 27
[04-Dec-2012 15:31:05] PHP Parse error:  syntax error, unexpected ',' in /var/www/synapse/synapseR/sites/all/modules/rssfeeds/rssfeeds.module on line 23
[04-Dec-2012 15:31:06] PHP Parse error:  syntax error, unexpected ',' in /var/www/synapse/synapseR/sites/all/modules/rssfeeds/rssfeeds.module on line 23
[04-Dec-2012 15:42:54] PHP Fatal error:  Call to undefined function rssFeedsDisplay() in /var/www/synapse/synapseR/sites/all/modules/rssfeeds/rssfeeds.module on line 29
[04-Dec-2012 15:42:54] PHP Fatal error:  Call to undefined function rssFeedsDisplay() in /var/www/synapse/synapseR/sites/all/modules/rssfeeds/rssfeeds.module on line 29
[04-Dec-2012 15:43:19] PHP Fatal error:  Call to undefined function rssFeedsDisplay() in /var/www/synapse/synapseR/sites/all/modules/rssfeeds/rssfeeds.module on line 29
[04-Dec-2012 15:44:03] PHP Fatal error:  Call to undefined function rssFeedsDisplay() in /var/www/synapse/synapseR/sites/all/modules/rssfeeds/rssfeeds.module on line 29
[04-Dec-2012 15:56:51] PHP Parse error:  syntax error, unexpected T_STRING in /var/www/synapse/synapseR/sites/all/modules/rssfeeds/rssfeeds.module on line 21
[04-Dec-2012 15:56:52] PHP Parse error:  syntax error, unexpected T_STRING in /var/www/synapse/synapseR/sites/all/modules/rssfeeds/rssfeeds.module on line 21
[04-Dec-2012 15:57:19] PHP Parse error:  syntax error, unexpected T_STRING in /var/www/synapse/synapseR/sites/all/modules/rssfeeds/rssfeeds.module on line 21
[04-Dec-2012 15:57:20] PHP Parse error:  syntax error, unexpected T_STRING in /var/www/synapse/synapseR/sites/all/modules/rssfeeds/rssfeeds.module on line 21
[04-Dec-2012 15:58:19] PHP Parse error:  syntax error, unexpected T_STRING in /var/www/synapse/synapseR/sites/all/modules/rssfeeds/rssfeeds.module on line 21
[04-Dec-2012 15:58:20] PHP Parse error:  syntax error, unexpected T_STRING in /var/www/synapse/synapseR/sites/all/modules/rssfeeds/rssfeeds.module on line 21
[04-Dec-2012 15:59:12] PHP Fatal error:  Call to undefined function rssFeedsDisplay() in /var/www/synapse/synapseR/sites/all/modules/rssfeeds/rssfeeds.module on line 35
[04-Dec-2012 16:00:15] PHP Parse error:  syntax error, unexpected T_STRING in /var/www/synapse/synapseR/sites/all/modules/rssfeeds/rssfeeds.module on line 21
[04-Dec-2012 16:00:15] PHP Parse error:  syntax error, unexpected T_STRING in /var/www/synapse/synapseR/sites/all/modules/rssfeeds/rssfeeds.module on line 21
[04-Dec-2012 16:00:34] PHP Parse error:  syntax error, unexpected T_STRING in /var/www/synapse/synapseR/sites/all/modules/rssfeeds/rssfeeds.module on line 21
[04-Dec-2012 16:00:35] PHP Parse error:  syntax error, unexpected T_STRING in /var/www/synapse/synapseR/sites/all/modules/rssfeeds/rssfeeds.module on line 21
[04-Dec-2012 16:01:15] PHP Parse error:  syntax error, unexpected T_STRING in /var/www/synapse/synapseR/sites/all/modules/rssfeeds/rssfeeds.module on line 21
[04-Dec-2012 16:01:16] PHP Parse error:  syntax error, unexpected T_STRING in /var/www/synapse/synapseR/sites/all/modules/rssfeeds/rssfeeds.module on line 21
[04-Dec-2012 16:01:24] PHP Parse error:  syntax error, unexpected T_STRING in /var/www/synapse/synapseR/sites/all/modules/rssfeeds/rssfeeds.module on line 21
[04-Dec-2012 16:01:24] PHP Parse error:  syntax error, unexpected T_STRING in /var/www/synapse/synapseR/sites/all/modules/rssfeeds/rssfeeds.module on line 21
[04-Dec-2012 16:08:29] PHP Parse error:  syntax error, unexpected T_FOR in /var/www/synapse/synapseR/sites/all/modules/rssfeeds/rssfeeds.module on line 14
[04-Dec-2012 16:08:30] PHP Parse error:  syntax error, unexpected T_FOR in /var/www/synapse/synapseR/sites/all/modules/rssfeeds/rssfeeds.module on line 14
[04-Dec-2012 16:17:57] PHP Fatal error:  Call to undefined function rssFeedsDisplay() in /var/www/synapse/synapseR/sites/all/modules/rssfeeds/rssfeeds.module on line 47
[04-Dec-2012 16:37:36] PHP Parse error:  syntax error, unexpected '}' in /var/www/synapse/synapseR/sites/all/modules/rssfeeds/rssfeeds.module on line 25
[04-Dec-2012 16:37:37] PHP Parse error:  syntax error, unexpected '}' in /var/www/synapse/synapseR/sites/all/modules/rssfeeds/rssfeeds.module on line 25
[05-Dec-2012 01:31:42] PHP Fatal error:  Call to undefined function print_f() in /var/www/synapse/synapseR/sites/all/modules/rssfeeds/rssreader.module on line 37
[05-Dec-2012 02:07:12] PHP Parse error:  syntax error, unexpected T_VARIABLE in /var/www/synapse/synapseR/sites/all/modules/rssfeeds/rssreader.module on line 12
[05-Dec-2012 02:07:13] PHP Parse error:  syntax error, unexpected T_VARIABLE in /var/www/synapse/synapseR/sites/all/modules/rssfeeds/rssreader.module on line 12
[02-Apr-2013 15:18:43] PHP Parse error:  syntax error, unexpected '}', expecting ',' or ';' in /var/www/synapse/synapseR/sites/all/themes/framework/html.tpl.php on line 18
[02-Apr-2013 15:36:44] PHP Parse error:  syntax error, unexpected T_ECHO, expecting ',' or ';' in /var/www/synapse/synapseR/sites/all/themes/framework/html.tpl.php on line 18
[02-Apr-2013 19:40:39] PHP Parse error:  syntax error, unexpected T_ENDIF in /var/www/synapse/synapseR/sites/all/themes/zen/templates/region--sidebar.tpl.php on line 35
[02-Apr-2013 19:40:47] PHP Parse error:  syntax error, unexpected T_ENDIF in /var/www/synapse/synapseR/sites/all/themes/zen/templates/region--sidebar.tpl.php on line 35
[02-Apr-2013 19:42:22] PHP Parse error:  syntax error, unexpected T_ENDIF in /var/www/synapse/synapseR/sites/all/themes/zen/templates/region--sidebar.tpl.php on line 35
[02-Apr-2013 19:42:33] PHP Parse error:  syntax error, unexpected T_ENDIF in /var/www/synapse/synapseR/sites/all/themes/zen/templates/region--sidebar.tpl.php on line 35
[02-Apr-2013 19:43:11] PHP Parse error:  syntax error, unexpected T_ENDIF in /var/www/synapse/synapseR/sites/all/themes/zen/templates/region--sidebar.tpl.php on line 35
[02-Apr-2013 19:47:21] PHP Parse error:  syntax error, unexpected T_ENDIF in /var/www/synapse/synapseR/sites/all/themes/zen/templates/region--sidebar.tpl.php on line 35
[02-Apr-2013 19:48:21] PHP Parse error:  syntax error, unexpected T_ENDIF in /var/www/synapse/synapseR/sites/all/themes/zen/templates/region--sidebar.tpl.php on line 35
[02-Apr-2013 19:48:28] PHP Parse error:  syntax error, unexpected T_ENDIF in /var/www/synapse/synapseR/sites/all/themes/zen/templates/region--sidebar.tpl.php on line 35
[02-Apr-2013 19:49:20] PHP Parse error:  syntax error, unexpected T_ENDIF in /var/www/synapse/synapseR/sites/all/themes/zen/templates/region--sidebar.tpl.php on line 35
[02-Apr-2013 19:49:59] PHP Parse error:  syntax error, unexpected T_ENDIF in /var/www/synapse/synapseR/sites/all/themes/zen/templates/region--sidebar.tpl.php on line 35
[02-Apr-2013 19:50:51] PHP Parse error:  syntax error, unexpected T_ENDIF in /var/www/synapse/synapseR/sites/all/themes/zen/templates/region--sidebar.tpl.php on line 35
[02-Apr-2013 19:51:07] PHP Parse error:  syntax error, unexpected T_ENDIF in /var/www/synapse/synapseR/sites/all/themes/zen/templates/region--sidebar.tpl.php on line 35
[02-Apr-2013 19:53:55] PHP Parse error:  syntax error, unexpected T_ENDIF in /var/www/synapse/synapseR/sites/all/themes/zen/templates/region--sidebar.tpl.php on line 35
[02-Apr-2013 19:57:33] PHP Parse error:  syntax error, unexpected T_ENDIF in /var/www/synapse/synapseR/sites/all/themes/zen/templates/region--sidebar.tpl.php on line 35
[03-Apr-2013 15:14:20] PHP Parse error:  syntax error, unexpected '=' in /var/www/synapse/synapseR/sites/all/modules/AustCouncilRss/AustCouncilRss.module on line 14
[03-Apr-2013 15:14:37] PHP Parse error:  syntax error, unexpected '=' in /var/www/synapse/synapseR/sites/all/modules/AustCouncilRss/AustCouncilRss.module on line 14
[03-Apr-2013 15:14:55] PHP Fatal error:  Cannot redeclare getFeed() (previously declared in /var/www/synapse/synapseR/sites/all/modules/rssfeeds/rssreader.module:12) in /var/www/synapse/synapseR/sites/all/modules/AustCouncilRss/AustCouncilRss.module on line 47
[03-Apr-2013 15:16:33] PHP Fatal error:  Cannot redeclare getFeed() (previously declared in /var/www/synapse/synapseR/sites/all/modules/rssfeeds/rssreader.module:12) in /var/www/synapse/synapseR/sites/all/modules/AustCouncilRss/AustCouncilRss.module on line 47
[03-Apr-2013 15:47:22] PHP Parse error:  syntax error, unexpected T_VARIABLE in /var/www/synapse/synapseR/sites/all/modules/AustCouncilRss/AustCouncilRss.module on line 16
[03-Apr-2013 16:07:37] PHP Parse error:  syntax error, unexpected ';' in /var/www/synapse/synapseR/sites/all/modules/AustCouncilRss/AustCouncilRss.module on line 23
[03-Apr-2013 16:08:26] PHP Parse error:  syntax error, unexpected T_IF in /var/www/synapse/synapseR/sites/all/modules/AustCouncilRss/AustCouncilRss.module on line 27
[03-Apr-2013 16:13:45] PHP Parse error:  syntax error, unexpected T_SL in /var/www/synapse/synapseR/sites/all/modules/AustCouncilRss/AustCouncilRss.module on line 23
[03-Apr-2013 16:13:46] PHP Parse error:  syntax error, unexpected T_SL in /var/www/synapse/synapseR/sites/all/modules/AustCouncilRss/AustCouncilRss.module on line 23
[03-Apr-2013 16:16:09] PHP Parse error:  syntax error, unexpected '=' in /var/www/synapse/synapseR/sites/all/modules/AustCouncilRss/AustCouncilRss.module on line 24
[03-Apr-2013 16:16:14] PHP Parse error:  syntax error, unexpected '=' in /var/www/synapse/synapseR/sites/all/modules/AustCouncilRss/AustCouncilRss.module on line 24
[03-Apr-2013 16:22:00] PHP Parse error:  syntax error, unexpected '*' in /var/www/synapse/synapseR/sites/all/modules/AustCouncilRss/AustCouncilRss.module on line 54
[03-Apr-2013 16:22:00] PHP Parse error:  syntax error, unexpected '*' in /var/www/synapse/synapseR/sites/all/modules/AustCouncilRss/AustCouncilRss.module on line 54
[03-Apr-2013 16:45:08] PHP Fatal error:  Exception thrown without a stack frame in Unknown on line 0
[03-Apr-2013 16:46:43] PHP Parse error:  syntax error, unexpected '}' in /var/www/synapse/synapseR/sites/all/modules/AustCouncilRss/AustCouncilRss.module on line 56
[03-Apr-2013 16:46:56] PHP Parse error:  syntax error, unexpected '}' in /var/www/synapse/synapseR/sites/all/modules/AustCouncilRss/AustCouncilRss.module on line 56
[03-Apr-2013 17:20:36] PHP Fatal error:  Exception thrown without a stack frame in Unknown on line 0
[03-Apr-2013 19:45:53] PHP Fatal error:  Exception thrown without a stack frame in Unknown on line 0
[03-Apr-2013 21:30:21] PHP Fatal error:  Exception thrown without a stack frame in Unknown on line 0
[06-Apr-2013 07:59:47] PHP Fatal error:  Exception thrown without a stack frame in Unknown on line 0
[09-Apr-2013 00:19:31] PHP Fatal error:  Exception thrown without a stack frame in Unknown on line 0
[09-Apr-2013 17:19:56] PHP Fatal error:  Cannot redeclare rssreader_admin_validate() (previously declared in /var/www/synapse/synapseR/sites/all/modules/rssfeeds/rssreader.module:100) in /var/www/synapse/synapseR/sites/all/modules/SynapseRegister/SynapseRegister.module on line 38
[09-Apr-2013 17:23:53] PHP Fatal error:  Cannot redeclare rssreader_admin_validate() (previously declared in /var/www/synapse/synapseR/sites/all/modules/rssfeeds/rssreader.module:100) in /var/www/synapse/synapseR/sites/all/modules/SynapseRegister/SynapseRegister.module on line 38
[09-Apr-2013 17:28:12] PHP Fatal error:  Cannot redeclare rssreader_menu() (previously declared in /var/www/synapse/synapseR/sites/all/modules/rssfeeds/rssreader.module:112) in /var/www/synapse/synapseR/sites/all/modules/SynapseRegister/SynapseRegister.module on line 44
[09-Apr-2013 17:28:13] PHP Fatal error:  Cannot redeclare rssreader_menu() (previously declared in /var/www/synapse/synapseR/sites/all/modules/rssfeeds/rssreader.module:112) in /var/www/synapse/synapseR/sites/all/modules/SynapseRegister/SynapseRegister.module on line 44
[09-Apr-2013 17:28:32] PHP Fatal error:  Cannot redeclare rssreader_menu() (previously declared in /var/www/synapse/synapseR/sites/all/modules/rssfeeds/rssreader.module:112) in /var/www/synapse/synapseR/sites/all/modules/SynapseRegister/SynapseRegister.module on line 44
[09-Apr-2013 17:28:33] PHP Fatal error:  Cannot redeclare rssreader_menu() (previously declared in /var/www/synapse/synapseR/sites/all/modules/rssfeeds/rssreader.module:112) in /var/www/synapse/synapseR/sites/all/modules/SynapseRegister/SynapseRegister.module on line 44
[11-Apr-2013 02:38:52] PHP Fatal error:  Exception thrown without a stack frame in Unknown on line 0
[11-Apr-2013 04:15:52] PHP Fatal error:  Exception thrown without a stack frame in Unknown on line 0
[11-Apr-2013 19:50:45] PHP Fatal error:  Exception thrown without a stack frame in Unknown on line 0
[11-Apr-2013 20:15:21] PHP Fatal error:  Exception thrown without a stack frame in Unknown on line 0
[13-Apr-2013 04:17:06] PHP Fatal error:  Exception thrown without a stack frame in Unknown on line 0
[13-Apr-2013 14:43:01] PHP Fatal error:  Exception thrown without a stack frame in Unknown on line 0
[13-Apr-2013 14:46:17] PHP Fatal error:  Exception thrown without a stack frame in Unknown on line 0
[13-Apr-2013 14:57:18] PHP Fatal error:  Exception thrown without a stack frame in Unknown on line 0
[13-Apr-2013 18:08:34] PHP Fatal error:  Exception thrown without a stack frame in Unknown on line 0
[13-Apr-2013 22:49:46] PHP Fatal error:  Exception thrown without a stack frame in Unknown on line 0
[14-Apr-2013 03:01:01] PHP Fatal error:  Exception thrown without a stack frame in Unknown on line 0
[14-Apr-2013 06:46:24] PHP Fatal error:  Exception thrown without a stack frame in Unknown on line 0
[14-Apr-2013 07:40:09] PHP Fatal error:  Exception thrown without a stack frame in Unknown on line 0
[15-Apr-2013 04:17:57] PHP Fatal error:  Exception thrown without a stack frame in Unknown on line 0
[15-Apr-2013 04:18:02] PHP Fatal error:  Exception thrown without a stack frame in Unknown on line 0
[15-Apr-2013 05:39:08] PHP Fatal error:  Exception thrown without a stack frame in Unknown on line 0
[15-Apr-2013 11:03:06] PHP Fatal error:  Exception thrown without a stack frame in Unknown on line 0
[15-Apr-2013 11:17:14] PHP Fatal error:  Exception thrown without a stack frame in Unknown on line 0
[15-Apr-2013 11:32:22] PHP Fatal error:  Exception thrown without a stack frame in Unknown on line 0
[15-Apr-2013 11:35:07] PHP Fatal error:  Exception thrown without a stack frame in Unknown on line 0
[15-Apr-2013 11:50:23] PHP Fatal error:  Exception thrown without a stack frame in Unknown on line 0
[15-Apr-2013 11:50:58] PHP Fatal error:  Exception thrown without a stack frame in Unknown on line 0
[15-Apr-2013 11:50:59] PHP Fatal error:  Exception thrown without a stack frame in Unknown on line 0
[15-Apr-2013 11:54:29] PHP Fatal error:  Exception thrown without a stack frame in Unknown on line 0
[15-Apr-2013 11:56:33] PHP Fatal error:  Exception thrown without a stack frame in Unknown on line 0
[15-Apr-2013 11:58:56] PHP Fatal error:  Exception thrown without a stack frame in Unknown on line 0
[15-Apr-2013 12:02:22] PHP Fatal error:  Exception thrown without a stack frame in Unknown on line 0
[15-Apr-2013 12:03:36] PHP Fatal error:  Exception thrown without a stack frame in Unknown on line 0
[15-Apr-2013 12:03:48] PHP Fatal error:  Exception thrown without a stack frame in Unknown on line 0
[15-Apr-2013 12:04:00] PHP Fatal error:  Exception thrown without a stack frame in Unknown on line 0
[15-Apr-2013 12:04:53] PHP Fatal error:  Exception thrown without a stack frame in Unknown on line 0
[15-Apr-2013 12:07:08] PHP Fatal error:  Exception thrown without a stack frame in Unknown on line 0
[15-Apr-2013 12:07:24] PHP Fatal error:  Exception thrown without a stack frame in Unknown on line 0
[15-Apr-2013 12:07:36] PHP Fatal error:  Exception thrown without a stack frame in Unknown on line 0
[15-Apr-2013 12:09:38] PHP Fatal error:  Exception thrown without a stack frame in Unknown on line 0
[15-Apr-2013 12:10:11] PHP Fatal error:  Exception thrown without a stack frame in Unknown on line 0
[15-Apr-2013 12:10:57] PHP Fatal error:  Exception thrown without a stack frame in Unknown on line 0
[15-Apr-2013 12:11:09] PHP Fatal error:  Exception thrown without a stack frame in Unknown on line 0
[15-Apr-2013 12:19:44] PHP Fatal error:  Exception thrown without a stack frame in Unknown on line 0
[15-Apr-2013 12:19:45] PHP Fatal error:  Exception thrown without a stack frame in Unknown on line 0
[15-Apr-2013 12:24:27] PHP Fatal error:  Exception thrown without a stack frame in Unknown on line 0
[15-Apr-2013 12:25:57] PHP Fatal error:  Exception thrown without a stack frame in Unknown on line 0
[15-Apr-2013 12:26:14] PHP Fatal error:  Exception thrown without a stack frame in Unknown on line 0
[15-Apr-2013 12:31:25] PHP Fatal error:  Exception thrown without a stack frame in Unknown on line 0
[15-Apr-2013 13:13:56] PHP Fatal error:  Exception thrown without a stack frame in Unknown on line 0
[15-Apr-2013 22:38:51] PHP Fatal error:  Exception thrown without a stack frame in Unknown on line 0
[16-Apr-2013 02:08:14] PHP Fatal error:  Exception thrown without a stack frame in Unknown on line 0
[16-Apr-2013 05:01:01] PHP Fatal error:  Exception thrown without a stack frame in Unknown on line 0
[17-Apr-2013 21:47:40] PHP Fatal error:  Exception thrown without a stack frame in Unknown on line 0
[17-Apr-2013 22:02:11] PHP Fatal error:  Exception thrown without a stack frame in Unknown on line 0
[17-Apr-2013 23:32:11] PHP Fatal error:  Exception thrown without a stack frame in Unknown on line 0
[18-Apr-2013 22:41:55] PHP Fatal error:  Exception thrown without a stack frame in Unknown on line 0
[20-Apr-2013 14:13:42] PHP Fatal error:  Exception thrown without a stack frame in Unknown on line 0
[22-Apr-2013 01:24:27] PHP Fatal error:  Exception thrown without a stack frame in Unknown on line 0
[22-Apr-2013 13:37:22] PHP Fatal error:  Exception thrown without a stack frame in Unknown on line 0
[22-Apr-2013 18:08:21] PHP Fatal error:  Exception thrown without a stack frame in Unknown on line 0
[22-Apr-2013 19:52:46] PHP Fatal error:  Exception thrown without a stack frame in Unknown on line 0
[22-Apr-2013 20:53:58] PHP Fatal error:  Exception thrown without a stack frame in Unknown on line 0
[23-Apr-2013 01:19:36] PHP Fatal error:  Exception thrown without a stack frame in Unknown on line 0
[23-Apr-2013 04:39:06] PHP Fatal error:  Exception thrown without a stack frame in Unknown on line 0
[23-Apr-2013 06:11:06] PHP Fatal error:  Exception thrown without a stack frame in Unknown on line 0
[23-Apr-2013 06:57:29] PHP Fatal error:  Exception thrown without a stack frame in Unknown on line 0
[24-Apr-2013 00:15:46] PHP Fatal error:  Exception thrown without a stack frame in Unknown on line 0
[24-Apr-2013 15:39:42] PHP Fatal error:  Exception thrown without a stack frame in Unknown on line 0
[25-Apr-2013 06:53:01] PHP Fatal error:  Exception thrown without a stack frame in Unknown on line 0
[25-Apr-2013 17:28:42] PHP Fatal error:  Exception thrown without a stack frame in Unknown on line 0
[25-Apr-2013 23:09:27] PHP Fatal error:  Exception thrown without a stack frame in Unknown on line 0
[27-Apr-2013 22:43:34] PHP Fatal error:  Exception thrown without a stack frame in Unknown on line 0
[28-Apr-2013 19:03:32] PHP Fatal error:  Exception thrown without a stack frame in Unknown on line 0
[29-Apr-2013 04:21:38] PHP Fatal error:  Exception thrown without a stack frame in Unknown on line 0
[30-Apr-2013 02:57:49] PHP Fatal error:  Exception thrown without a stack frame in Unknown on line 0
[01-May-2013 02:27:37] PHP Fatal error:  Exception thrown without a stack frame in Unknown on line 0
[01-May-2013 08:17:58] PHP Fatal error:  Exception thrown without a stack frame in Unknown on line 0
[01-May-2013 08:20:06] PHP Fatal error:  Exception thrown without a stack frame in Unknown on line 0
[03-May-2013 10:59:35] PHP Fatal error:  Exception thrown without a stack frame in Unknown on line 0
[03-May-2013 10:59:36] PHP Fatal error:  Exception thrown without a stack frame in Unknown on line 0
[03-May-2013 11:02:01] PHP Fatal error:  Exception thrown without a stack frame in Unknown on line 0
[03-May-2013 12:24:23] PHP Fatal error:  Exception thrown without a stack frame in Unknown on line 0
[03-May-2013 12:24:23] PHP Fatal error:  Exception thrown without a stack frame in Unknown on line 0
[03-May-2013 12:24:24] PHP Fatal error:  Exception thrown without a stack frame in Unknown on line 0
[03-May-2013 13:00:01] PHP Fatal error:  Exception thrown without a stack frame in Unknown on line 0
[03-May-2013 13:00:45] PHP Fatal error:  Exception thrown without a stack frame in Unknown on line 0
[03-May-2013 13:08:06] PHP Fatal error:  Exception thrown without a stack frame in Unknown on line 0
[03-May-2013 13:21:13] PHP Fatal error:  Exception thrown without a stack frame in Unknown on line 0
[03-May-2013 13:39:18] PHP Fatal error:  Exception thrown without a stack frame in Unknown on line 0
[03-May-2013 13:57:05] PHP Fatal error:  Exception thrown without a stack frame in Unknown on line 0
[03-May-2013 14:15:02] PHP Fatal error:  Exception thrown without a stack frame in Unknown on line 0
[03-May-2013 14:32:41] PHP Fatal error:  Exception thrown without a stack frame in Unknown on line 0
[03-May-2013 14:50:15] PHP Fatal error:  Exception thrown without a stack frame in Unknown on line 0
[03-May-2013 16:26:07] PHP Fatal error:  Exception thrown without a stack frame in Unknown on line 0
[03-May-2013 16:28:36] PHP Fatal error:  Exception thrown without a stack frame in Unknown on line 0
[03-May-2013 16:30:57] PHP Fatal error:  Exception thrown without a stack frame in Unknown on line 0
[03-May-2013 18:33:12] PHP Fatal error:  Exception thrown without a stack frame in Unknown on line 0
[03-May-2013 18:51:23] PHP Fatal error:  Exception thrown without a stack frame in Unknown on line 0
[03-May-2013 18:52:27] PHP Fatal error:  Exception thrown without a stack frame in Unknown on line 0
[03-May-2013 18:54:00] PHP Fatal error:  Exception thrown without a stack frame in Unknown on line 0
[03-May-2013 19:02:24] PHP Fatal error:  Exception thrown without a stack frame in Unknown on line 0
[03-May-2013 19:23:44] PHP Fatal error:  Exception thrown without a stack frame in Unknown on line 0
[03-May-2013 19:45:10] PHP Fatal error:  Exception thrown without a stack frame in Unknown on line 0
[03-May-2013 20:32:40] PHP Fatal error:  Exception thrown without a stack frame in Unknown on line 0
[03-May-2013 20:35:01] PHP Fatal error:  Exception thrown without a stack frame in Unknown on line 0
[03-May-2013 20:37:24] PHP Fatal error:  Exception thrown without a stack frame in Unknown on line 0
[03-May-2013 20:56:34] PHP Fatal error:  Exception thrown without a stack frame in Unknown on line 0
[03-May-2013 20:58:13] PHP Fatal error:  Exception thrown without a stack frame in Unknown on line 0
[03-May-2013 20:59:40] PHP Fatal error:  Exception thrown without a stack frame in Unknown on line 0
[03-May-2013 21:01:56] PHP Fatal error:  Exception thrown without a stack frame in Unknown on line 0
[03-May-2013 21:09:48] PHP Fatal error:  Exception thrown without a stack frame in Unknown on line 0
[03-May-2013 21:25:20] PHP Fatal error:  Exception thrown without a stack frame in Unknown on line 0
[03-May-2013 21:25:24] PHP Fatal error:  Exception thrown without a stack frame in Unknown on line 0
[03-May-2013 21:27:52] PHP Fatal error:  Exception thrown without a stack frame in Unknown on line 0
[03-May-2013 21:43:28] PHP Fatal error:  Exception thrown without a stack frame in Unknown on line 0
[03-May-2013 21:58:52] PHP Fatal error:  Exception thrown without a stack frame in Unknown on line 0
[03-May-2013 21:59:05] PHP Fatal error:  Exception thrown without a stack frame in Unknown on line 0
[03-May-2013 22:00:09] PHP Fatal error:  Exception thrown without a stack frame in Unknown on line 0
[03-May-2013 22:01:01] PHP Fatal error:  Exception thrown without a stack frame in Unknown on line 0
[03-May-2013 22:01:35] PHP Fatal error:  Exception thrown without a stack frame in Unknown on line 0
[03-May-2013 22:19:04] PHP Fatal error:  Exception thrown without a stack frame in Unknown on line 0
[03-May-2013 22:28:25] PHP Fatal error:  Exception thrown without a stack frame in Unknown on line 0
[03-May-2013 23:01:15] PHP Fatal error:  Exception thrown without a stack frame in Unknown on line 0
[03-May-2013 23:02:22] PHP Fatal error:  Exception thrown without a stack frame in Unknown on line 0
[04-May-2013 00:18:58] PHP Fatal error:  Exception thrown without a stack frame in Unknown on line 0
[04-May-2013 00:18:58] PHP Fatal error:  Exception thrown without a stack frame in Unknown on line 0
[04-May-2013 00:44:37] PHP Fatal error:  Exception thrown without a stack frame in Unknown on line 0
[04-May-2013 00:45:36] PHP Fatal error:  Exception thrown without a stack frame in Unknown on line 0
[04-May-2013 00:46:52] PHP Fatal error:  Exception thrown without a stack frame in Unknown on line 0
[04-May-2013 00:48:36] PHP Fatal error:  Exception thrown without a stack frame in Unknown on line 0
[04-May-2013 00:57:37] PHP Fatal error:  Exception thrown without a stack frame in Unknown on line 0
[04-May-2013 01:09:40] PHP Fatal error:  Exception thrown without a stack frame in Unknown on line 0
[04-May-2013 01:32:29] PHP Fatal error:  Exception thrown without a stack frame in Unknown on line 0
[05-May-2013 16:16:11] PHP Fatal error:  Exception thrown without a stack frame in Unknown on line 0
[05-May-2013 16:16:29] PHP Fatal error:  Exception thrown without a stack frame in Unknown on line 0
[05-May-2013 16:16:35] PHP Fatal error:  Exception thrown without a stack frame in Unknown on line 0
[05-May-2013 16:55:50] PHP Fatal error:  Exception thrown without a stack frame in Unknown on line 0
[05-May-2013 17:49:18] PHP Fatal error:  Exception thrown without a stack frame in Unknown on line 0
[05-May-2013 17:50:44] PHP Fatal error:  Exception thrown without a stack frame in Unknown on line 0
[05-May-2013 18:00:51] PHP Fatal error:  Exception thrown without a stack frame in Unknown on line 0
[05-May-2013 18:35:56] PHP Fatal error:  Exception thrown without a stack frame in Unknown on line 0
[05-May-2013 19:16:10] PHP Fatal error:  Exception thrown without a stack frame in Unknown on line 0
[05-May-2013 19:56:07] PHP Fatal error:  Exception thrown without a stack frame in Unknown on line 0
[05-May-2013 20:20:13] PHP Fatal error:  Exception thrown without a stack frame in Unknown on line 0
[05-May-2013 20:20:14] PHP Fatal error:  Exception thrown without a stack frame in Unknown on line 0
[10-May-2013 17:17:47] PHP Fatal error:  Exception thrown without a stack frame in Unknown on line 0
[10-May-2013 17:39:42] PHP Fatal error:  Exception thrown without a stack frame in Unknown on line 0
[14-May-2013 14:36:30] PHP Fatal error:  Exception thrown without a stack frame in Unknown on line 0
[22-May-2013 10:26:54] PHP Parse error:  syntax error, unexpected T_STRING, expecting T_VARIABLE in /var/www/synapse/synapseR/sites/all/modules/SynapseRegister/SynapseRegister.module on line 63
[22-May-2013 10:27:15] PHP Parse error:  syntax error, unexpected T_STRING, expecting T_VARIABLE in /var/www/synapse/synapseR/sites/all/modules/SynapseRegister/SynapseRegister.module on line 63
[22-May-2013 11:13:51] PHP Parse error:  syntax error, unexpected '}' in /var/www/synapse/synapseR/sites/all/modules/SynapseRegister/SynapseRegister.module on line 77
[22-May-2013 11:14:02] PHP Parse error:  syntax error, unexpected '}' in /var/www/synapse/synapseR/sites/all/modules/SynapseRegister/SynapseRegister.module on line 77
[22-May-2013 11:39:28] PHP Parse error:  syntax error, unexpected '[' in /var/www/synapse/synapseR/sites/all/modules/SynapseRegister/SynapseRegister.module on line 17
[22-May-2013 11:47:55] PHP Parse error:  syntax error, unexpected '[' in /var/www/synapse/synapseR/sites/all/modules/SynapseRegister/SynapseRegister.module on line 18
[22-May-2013 11:51:51] PHP Parse error:  syntax error, unexpected '[' in /var/www/synapse/synapseR/sites/all/modules/SynapseRegister/SynapseRegister.module on line 18
[22-May-2013 11:52:03] PHP Parse error:  syntax error, unexpected '[' in /var/www/synapse/synapseR/sites/all/modules/SynapseRegister/SynapseRegister.module on line 18
[22-May-2013 11:52:11] PHP Parse error:  syntax error, unexpected '[' in /var/www/synapse/synapseR/sites/all/modules/SynapseRegister/SynapseRegister.module on line 18
[22-May-2013 11:52:25] PHP Parse error:  syntax error, unexpected '[' in /var/www/synapse/synapseR/sites/all/modules/SynapseRegister/SynapseRegister.module on line 18
[22-May-2013 11:52:34] PHP Parse error:  syntax error, unexpected '[' in /var/www/synapse/synapseR/sites/all/modules/SynapseRegister/SynapseRegister.module on line 18
[22-May-2013 11:52:48] PHP Parse error:  syntax error, unexpected '[' in /var/www/synapse/synapseR/sites/all/modules/SynapseRegister/SynapseRegister.module on line 18
[22-May-2013 11:55:48] PHP Parse error:  syntax error, unexpected '[' in /var/www/synapse/synapseR/sites/all/modules/SynapseRegister/SynapseRegister.module on line 18
[22-May-2013 11:57:48] PHP Parse error:  syntax error, unexpected '[' in /var/www/synapse/synapseR/sites/all/modules/SynapseRegister/SynapseRegister.module on line 18
[22-May-2013 12:01:00] PHP Parse error:  syntax error, unexpected T_IF, expecting ')' in /var/www/synapse/synapseR/sites/all/modules/SynapseRegister/SynapseRegister.module on line 25
[22-May-2013 12:02:25] PHP Parse error:  syntax error, unexpected T_DOUBLE_ARROW in /var/www/synapse/synapseR/sites/all/modules/SynapseRegister/SynapseRegister.module on line 32
[22-May-2013 12:40:46] PHP Parse error:  syntax error, unexpected ')' in /var/www/synapse/synapseR/sites/all/modules/SynapseRegister/SynapseRegister.module on line 33
[22-May-2013 12:43:42] PHP Parse error:  syntax error, unexpected ')' in /var/www/synapse/synapseR/sites/all/modules/SynapseRegister/SynapseRegister.module on line 33
[22-May-2013 13:06:23] PHP Parse error:  syntax error, unexpected T_ELSE in /var/www/synapse/synapseR/sites/all/modules/SynapseRegister/SynapseRegister.module on line 53
[22-May-2013 13:16:07] PHP Parse error:  syntax error, unexpected T_ELSE in /var/www/synapse/synapseR/sites/all/modules/SynapseRegister/SynapseRegister.module on line 59
[22-May-2013 14:02:43] PHP Parse error:  syntax error, unexpected ';' in /var/www/synapse/synapseR/sites/all/modules/SynapseRegister/SynapseRegister.module on line 25
[22-May-2013 14:26:44] PHP Parse error:  syntax error, unexpected '=' in /var/www/synapse/synapseR/sites/all/modules/SynapseRegister/SynapseRegister.module on line 24
[22-May-2013 14:26:55] PHP Fatal error:  Call to undefined method Solve360Service::updateContact() in /var/www/synapse/synapseR/sites/all/modules/SynapseRegister/SynapseRegister.module on line 26
[22-May-2013 14:27:19] PHP Fatal error:  Call to undefined method Solve360Service::updateContact() in /var/www/synapse/synapseR/sites/all/modules/SynapseRegister/SynapseRegister.module on line 27
[22-May-2013 14:32:31] PHP Fatal error:  Call to undefined function set_form_message() in /var/www/synapse/synapseR/sites/all/modules/SynapseRegister/SynapseRegister.module on line 29
[22-May-2013 14:34:18] PHP Fatal error:  Call to undefined function form_set_message() in /var/www/synapse/synapseR/sites/all/modules/SynapseRegister/SynapseRegister.module on line 29
[22-May-2013 14:35:05] PHP Fatal error:  Call to undefined function form_set_message() in /var/www/synapse/synapseR/sites/all/modules/SynapseRegister/SynapseRegister.module on line 29
[22-May-2013 14:35:54] PHP Fatal error:  Call to undefined function form_set_message() in /var/www/synapse/synapseR/sites/all/modules/SynapseRegister/SynapseRegister.module on line 29
[22-May-2013 14:37:52] PHP Fatal error:  Call to undefined function form_set_message() in /var/www/synapse/synapseR/sites/all/modules/SynapseRegister/SynapseRegister.module on line 29
[22-May-2013 14:38:12] PHP Fatal error:  Call to undefined function form_set_message() in /var/www/synapse/synapseR/sites/all/modules/SynapseRegister/SynapseRegister.module on line 27
[22-May-2013 14:39:30] PHP Fatal error:  Call to undefined function form_set_message() in /var/www/synapse/synapseR/sites/all/modules/SynapseRegister/SynapseRegister.module on line 31
[22-May-2013 14:39:54] PHP Parse error:  syntax error, unexpected T_ENCAPSED_AND_WHITESPACE, expecting T_STRING or T_VARIABLE or T_NUM_STRING in /var/www/synapse/synapseR/sites/all/modules/SynapseRegister/SynapseRegister.module on line 42
[22-May-2013 14:40:11] PHP Fatal error:  Call to undefined function form_set_message() in /var/www/synapse/synapseR/sites/all/modules/SynapseRegister/SynapseRegister.module on line 28
[22-May-2013 14:40:30] PHP Parse error:  syntax error, unexpected T_STRING in /var/www/synapse/synapseR/sites/all/modules/SynapseRegister/SynapseRegister.module on line 31
[22-May-2013 14:40:59] PHP Fatal error:  Call to undefined function form_set_message() in /var/www/synapse/synapseR/sites/all/modules/SynapseRegister/SynapseRegister.module on line 31
[22-May-2013 14:43:20] PHP Fatal error:  Call to undefined function form_set_message() in /var/www/synapse/synapseR/sites/all/modules/SynapseRegister/SynapseRegister.module on line 28
[22-May-2013 14:44:40] PHP Fatal error:  Call to undefined function form_set_message() in /var/www/synapse/synapseR/sites/all/modules/SynapseRegister/SynapseRegister.module on line 31
[22-May-2013 14:47:51] PHP Fatal error:  Call to undefined function form_set_message() in /var/www/synapse/synapseR/sites/all/modules/SynapseRegister/SynapseRegister.module on line 33
[22-May-2013 14:48:17] PHP Fatal error:  Call to undefined function form_set_message() in /var/www/synapse/synapseR/sites/all/modules/SynapseRegister/SynapseRegister.module on line 33
[22-May-2013 14:50:02] PHP Fatal error:  Call to undefined function form_set_message() in /var/www/synapse/synapseR/sites/all/modules/SynapseRegister/SynapseRegister.module on line 33
[22-May-2013 14:50:13] PHP Fatal error:  Call to undefined function form_set_message() in /var/www/synapse/synapseR/sites/all/modules/SynapseRegister/SynapseRegister.module on line 33
[22-May-2013 14:51:21] PHP Fatal error:  Call to undefined function form_set_message() in /var/www/synapse/synapseR/sites/all/modules/SynapseRegister/SynapseRegister.module on line 33
[22-May-2013 14:54:05] PHP Fatal error:  Call to undefined function form_set_message() in /var/www/synapse/synapseR/sites/all/modules/SynapseRegister/SynapseRegister.module on line 33
[22-May-2013 14:54:31] PHP Fatal error:  Call to undefined function form_set_message() in /var/www/synapse/synapseR/sites/all/modules/SynapseRegister/SynapseRegister.module on line 52
[22-May-2013 15:02:53] PHP Parse error:  syntax error, unexpected ')' in /var/www/synapse/synapseR/sites/all/modules/SynapseRegister/SynapseRegister.module on line 15
[22-May-2013 15:03:00] PHP Parse error:  syntax error, unexpected ')' in /var/www/synapse/synapseR/sites/all/modules/SynapseRegister/SynapseRegister.module on line 15
[22-May-2013 15:03:04] PHP Parse error:  syntax error, unexpected ')' in /var/www/synapse/synapseR/sites/all/modules/SynapseRegister/SynapseRegister.module on line 15
[22-May-2013 15:03:50] PHP Parse error:  syntax error, unexpected ')' in /var/www/synapse/synapseR/sites/all/modules/SynapseRegister/SynapseRegister.module on line 15
[22-May-2013 15:04:08] PHP Parse error:  syntax error, unexpected T_BOOLEAN_OR in /var/www/synapse/synapseR/sites/all/modules/SynapseRegister/SynapseRegister.module on line 15
[22-May-2013 15:05:03] PHP Fatal error:  Call to undefined function form_set_message() in /var/www/synapse/synapseR/sites/all/modules/SynapseRegister/SynapseRegister.module on line 30
[22-May-2013 15:05:30] PHP Fatal error:  Call to undefined function form_set_message() in /var/www/synapse/synapseR/sites/all/modules/SynapseRegister/SynapseRegister.module on line 30
[22-May-2013 15:22:48] PHP Parse error:  syntax error, unexpected T_STRING in /var/www/synapse/synapseR/sites/all/modules/SynapseRegister/SynapseRegister.module on line 33
[22-May-2013 16:05:20] PHP Parse error:  syntax error, unexpected T_IF in /var/www/synapse/synapseR/sites/all/modules/SynapseRegister/SynapseRegister.module on line 152
[22-May-2013 16:09:16] PHP Fatal error:  Class 'Solve360Service' not found in /var/www/synapse/synapseR/sites/all/modules/SynapseRegister/SynapseRegister.module on line 27
[22-May-2013 16:30:06] PHP Parse error:  syntax error, unexpected '[', expecting ')' in /var/www/synapse/synapseR/sites/all/modules/SynapseRegister/SynapseRegister.module on line 19
[22-May-2013 16:30:26] PHP Parse error:  syntax error, unexpected '[', expecting ')' in /var/www/synapse/synapseR/sites/all/modules/SynapseRegister/SynapseRegister.module on line 19
[22-May-2013 16:31:14] PHP Fatal error:  Call to undefined function get_variable() in /var/www/synapse/synapseR/sites/all/modules/SynapseRegister/SynapseRegister.module on line 18
[22-May-2013 16:32:35] PHP Parse error:  syntax error, unexpected '[', expecting ')' in /var/www/synapse/synapseR/sites/all/modules/SynapseRegister/SynapseRegister.module on line 19
[22-May-2013 16:51:52] PHP Parse error:  syntax error, unexpected '*' in /var/www/synapse/synapseR/sites/all/modules/SynapseRegister/SynapseRegister.module on line 29
[22-May-2013 16:56:02] PHP Parse error:  syntax error, unexpected ';' in /var/www/synapse/synapseR/sites/all/modules/SynapseRegister/SynapseRegister.module on line 24
[22-May-2013 16:58:40] PHP Fatal error:  Call to undefined function isnull() in /var/www/synapse/synapseR/sites/all/modules/SynapseRegister/SynapseRegister.module on line 171
